  Prince_game.cpp
C:\Users\79065\source\repos\Prince_game\Prince_game\view.h(23,17): warning C4244: аргумент: преобразование "double" в "float", возможна потеря данных
  (компиляция исходного файла "Prince_game.cpp")
  
C:\Users\79065\source\repos\Prince_game\Prince_game\view.h(27,20): warning C4244: аргумент: преобразование "double" в "float", возможна потеря данных
  (компиляция исходного файла "Prince_game.cpp")
  
C:\Users\79065\source\repos\Prince_game\Prince_game\view.h(31,18): warning C4244: аргумент: преобразование "double" в "float", возможна потеря данных
  (компиляция исходного файла "Prince_game.cpp")
  
C:\Users\79065\source\repos\Prince_game\Prince_game\view.h(34,21): warning C4244: аргумент: преобразование "double" в "float", возможна потеря данных
  (компиляция исходного файла "Prince_game.cpp")
  
C:\Users\79065\source\repos\Prince_game\Prince_game\Prince_game.cpp(41,12): warning C4305: =: усечение из "double" в "float"
C:\Users\79065\source\repos\Prince_game\Prince_game\Prince_game.cpp(48,12): warning C4305: =: усечение из "double" в "float"
C:\Users\79065\source\repos\Prince_game\Prince_game\Prince_game.cpp(81,11): warning C4244: =: преобразование "double" в "float", возможна потеря данных
C:\Users\79065\source\repos\Prince_game\Prince_game\Prince_game.cpp(93,14): warning C4244: инициализация: преобразование "float" в "int", возможна потеря данных
C:\Users\79065\source\repos\Prince_game\Prince_game\Prince_game.cpp(94,15): warning C4244: инициализация: преобразование "float" в "int", возможна потеря данных
C:\Users\79065\source\repos\Prince_game\Prince_game\Prince_game.cpp(99,31): warning C4244: =: преобразование "int" в "float", возможна потеря данных
C:\Users\79065\source\repos\Prince_game\Prince_game\Prince_game.cpp(101,31): warning C4244: =: преобразование "int" в "float", возможна потеря данных
C:\Users\79065\source\repos\Prince_game\Prince_game\Prince_game.cpp(157,14): warning C4244: инициализация: преобразование "sf::Int64" в "float", возможна потеря данных
C:\Users\79065\source\repos\Prince_game\Prince_game\Prince_game.cpp(179,14): warning C4553: "==": результат выражения не используется; вы хотели использовать "="?
C:\Users\79065\source\repos\Prince_game\Prince_game\Prince_game.cpp(194,32): warning C4305: =: усечение из "double" в "float"
C:\Users\79065\source\repos\Prince_game\Prince_game\Prince_game.cpp(195,27): warning C4244: +=: преобразование "double" в "float", возможна потеря данных
C:\Users\79065\source\repos\Prince_game\Prince_game\Prince_game.cpp(208,32): warning C4305: =: усечение из "double" в "float"
C:\Users\79065\source\repos\Prince_game\Prince_game\Prince_game.cpp(209,27): warning C4244: +=: преобразование "double" в "float", возможна потеря данных
C:\Users\79065\source\repos\Prince_game\Prince_game\Prince_game.cpp(253,34): warning C4244: аргумент: преобразование "int" в "float", возможна потеря данных
C:\Users\79065\source\repos\Prince_game\Prince_game\Prince_game.cpp(253,26): warning C4244: аргумент: преобразование "int" в "float", возможна потеря данных
  Prince_game.vcxproj -> C:\Users\79065\source\repos\Prince_game\x64\Debug\Prince_game.exe
